<?xml version="1.0" encoding="UTF-8"?>
<!-- Generated by org.testng.reporters.JUnitXMLReporter -->
<testsuite ignored="0" hostname="INCBEWRK087" failures="1" tests="4" name="Login to Dimension" time="16.189" errors="0" timestamp="2024-06-20T17:43:56 IST">
  <testcase classname="testCases.LoginValidation" name="verifyLogin" time="13.778"/>
  <testcase classname="testCases.LoginValidation" name="verifyLogin" time="0.579"/>
  <testcase classname="testCases.LoginValidation" name="verifyLogin" time="0.478">
    <failure type="java.lang.AssertionError" message="expected [Invalid email or password] but found []">
      <![CDATA[java.lang.AssertionError: expected [Invalid email or password] but found []
at testCases.LoginValidation.verifyLogin(LoginValidation.java:73)
at java.base/java.util.ArrayList.forEach(ArrayList.java:1596)
... Removed 31 stack frames]]>
    </failure>
  </testcase> <!-- verifyLogin -->
  <testcase classname="testCases.LoginValidation" name="verifyLogin" time="0.473"/>
</testsuite> <!-- Login to Dimension -->
